{"type":"server-started","port":58165,"host":"127.0.0.1","url_host":"localhost","url":"http://localhost:58165","screen_dir":"/Users/thlee/GoogleDrive/DashboardStock/.superpowers/brainstorm/40069-1773296920"}
{"type":"screen-added","file":"/Users/thlee/GoogleDrive/DashboardStock/.superpowers/brainstorm/40069-1773296920/additional-features.html"}
{"source":"user-event","type":"click","text":"F\n    \n      벤치마크 비교\n      내 포트 수익률 vs 코스피/코스닥 지수 수익률을 같은 기간 기준으로 비교. 시장 대비 초과 수익 확인.","choice":"f","id":null,"timestamp":1773297380050}
{"source":"user-event","type":"click","text":"D\n    \n      매매 메모/일지\n      매수/매도 시 이유를 메모로 남기기. 나중에 복기할 때 \"왜 이걸 샀지?\" 확인 가능. 포트별 매매 일지 타임라인 제공.","choice":"d","id":null,"timestamp":1773297380949}
{"source":"user-event","type":"click","text":"C\n    \n      포트 성과 비교 차트\n      여러 포트의 누적 수익률을 하나의 라인 차트에 겹쳐서 비교. 어떤 전략이 더 좋은 성과인지 한눈에 파악.","choice":"c","id":null,"timestamp":1773297381365}
{"source":"user-event","type":"click","text":"B\n    \n      손절/익절 알림선\n      매수 시 손절가(-5%)와 익절가(+10%) 자동 설정. 현재가가 도달하면 포트 목록에서 경고 표시. 비율은 수동 조정 가능.","choice":"b","id":null,"timestamp":1773297384815}
{"source":"user-event","type":"click","text":"A\n    \n      AI 신호 연동 알림\n      내 포트에 있는 종목에 AI 매도 신호가 뜨면 하이라이트 표시. 매수 전 해당 종목의 AI 신호 이력도 한눈에 확인 가능.","choice":"a","id":null,"timestamp":1773297387315}
{"source":"user-event","type":"click","text":"A\n    \n      AI 신호 연동 알림\n      내 포트에 있는 종목에 AI 매도 신호가 뜨면 하이라이트 표시. 매수 전 해당 종목의 AI 신호 이력도 한눈에 확인 가능.","choice":"a","id":null,"timestamp":1773297394882}
{"source":"user-event","type":"click","text":"B\n    \n      손절/익절 알림선\n      매수 시 손절가(-5%)와 익절가(+10%) 자동 설정. 현재가가 도달하면 포트 목록에서 경고 표시. 비율은 수동 조정 가능.","choice":"b","id":null,"timestamp":1773297395248}
{"source":"user-event","type":"click","text":"C\n    \n      포트 성과 비교 차트\n      여러 포트의 누적 수익률을 하나의 라인 차트에 겹쳐서 비교. 어떤 전략이 더 좋은 성과인지 한눈에 파악.","choice":"c","id":null,"timestamp":1773297395748}
{"source":"user-event","type":"click","text":"D\n    \n      매매 메모/일지\n      매수/매도 시 이유를 메모로 남기기. 나중에 복기할 때 \"왜 이걸 샀지?\" 확인 가능. 포트별 매매 일지 타임라인 제공.","choice":"d","id":null,"timestamp":1773297396182}
{"source":"user-event","type":"click","text":"F\n    \n      벤치마크 비교\n      내 포트 수익률 vs 코스피/코스닥 지수 수익률을 같은 기간 기준으로 비교. 시장 대비 초과 수익 확인.","choice":"f","id":null,"timestamp":1773297396615}
{"source":"user-event","type":"click","text":"A\n    \n      AI 신호 연동 알림\n      내 포트에 있는 종목에 AI 매도 신호가 뜨면 하이라이트 표시. 매수 전 해당 종목의 AI 신호 이력도 한눈에 확인 가능.","choice":"a","id":null,"timestamp":1773297431249}
{"source":"user-event","type":"click","text":"B\n    \n      손절/익절 알림선\n      매수 시 손절가(-5%)와 익절가(+10%) 자동 설정. 현재가가 도달하면 포트 목록에서 경고 표시. 비율은 수동 조정 가능.","choice":"b","id":null,"timestamp":1773297431766}
{"source":"user-event","type":"click","text":"C\n    \n      포트 성과 비교 차트\n      여러 포트의 누적 수익률을 하나의 라인 차트에 겹쳐서 비교. 어떤 전략이 더 좋은 성과인지 한눈에 파악.","choice":"c","id":null,"timestamp":1773297432182}
{"source":"user-event","type":"click","text":"D\n    \n      매매 메모/일지\n      매수/매도 시 이유를 메모로 남기기. 나중에 복기할 때 \"왜 이걸 샀지?\" 확인 가능. 포트별 매매 일지 타임라인 제공.","choice":"d","id":null,"timestamp":1773297432649}
{"source":"user-event","type":"click","text":"F\n    \n      벤치마크 비교\n      내 포트 수익률 vs 코스피/코스닥 지수 수익률을 같은 기간 기준으로 비교. 시장 대비 초과 수익 확인.","choice":"f","id":null,"timestamp":1773297433233}
{"type":"screen-added","file":"/Users/thlee/GoogleDrive/DashboardStock/.superpowers/brainstorm/40069-1773296920/ui-structure.html"}
{"type":"screen-added","file":"/Users/thlee/GoogleDrive/DashboardStock/.superpowers/brainstorm/40069-1773296920/ui-structure-v2.html"}
{"type":"screen-added","file":"/Users/thlee/GoogleDrive/DashboardStock/.superpowers/brainstorm/40069-1773296920/waiting.html"}
{"type":"server-stopped","reason":"idle timeout"}
